<?xml version="1.0" encoding="UTF-8"?>
<testng-results ignored="0" total="1" passed="1" failed="0" skipped="0">
  <reporter-output>
  </reporter-output>
  <suite started-at="2019-09-23T16:29:01 CEST" name="Default suite" finished-at="2019-09-23T16:29:21 CEST" duration-ms="19991">
    <groups>
    </groups>
    <test started-at="2019-09-23T16:29:01 CEST" name="Default test" finished-at="2019-09-23T16:29:21 CEST" duration-ms="19991">
      <class name="qaSandBox.Test5">
        <test-method is-config="true" signature="setup()[pri:0, instance:qaSandBox.Test5@7995092a]" started-at="2019-09-23T16:29:01 CEST" name="setup" finished-at="2019-09-23T16:29:08 CEST" duration-ms="6714" status="PASS">
          <reporter-output>
          </reporter-output>
        </test-method> <!-- setup -->
        <test-method signature="one()[pri:0, instance:qaSandBox.Test5@7995092a]" started-at="2019-09-23T16:29:08 CEST" name="one" finished-at="2019-09-23T16:29:21 CEST" duration-ms="13259" status="PASS">
          <reporter-output>
          </reporter-output>
        </test-method> <!-- one -->
      </class> <!-- qaSandBox.Test5 -->
    </test> <!-- Default test -->
  </suite> <!-- Default suite -->
</testng-results>
